<?xml version="1.0" encoding="UTF-8" ?>
<testsuite tests="2" failures="0" name="TestSuite" time="143.894" errors="0" skipped="0">
  <properties>
    <property name="JOB_NAME" value="Amax Test Automation"/>
    <property name="java.vendor" value="Oracle Corporation"/>
    <property name="PWD" value="/Users/mattdinc/Documents/Jenkins"/>
    <property name="sun.java.launcher" value="SUN_STANDARD"/>
    <property name="RUN_TESTS_DISPLAY_URL" value="http://localhost:8080/job/Amax%20Test%20Automation/147/display/redirect?page=tests"/>
    <property name="sun.management.compiler" value="HotSpot 64-Bit Tiered Compilers"/>
    <property name="JENKINS_HOME" value="/Users/mattdinc/.jenkins"/>
    <property name="PATH" value="/usr/local/bin:/System/Cryptexes/App/usr/bin:/usr/bin:/bin:/usr/sbin:/sbin"/>
    <property name="HUDSON_SERVER_COOKIE" value="33964776b863b6a9"/>
    <property name="POM_ARTIFACTID" value="RatingEngineTestAutomation"/>
    <property name="os.name" value="Mac OS X"/>
    <property name="TERM_PROGRAM" value="Apple_Terminal"/>
    <property name="EXECUTOR_NUMBER" value="0"/>
    <property name="TERM_SESSION_ID" value="C865A25F-0DCF-4CDF-B88D-079F73675349"/>
    <property name="java.vm.specification.vendor" value="Oracle Corporation"/>
    <property name="POM_DISPLAYNAME" value="RatingEngineTestAutomation"/>
    <property name="NODE_LABELS" value="built-in"/>
    <property name="java.runtime.version" value="19+36-2238"/>
    <property name="user.name" value="mattdinc"/>
    <property name="guice.disable.misplaced.annotation.check" value="true"/>
    <property name="LaunchInstanceID" value="59173ECA-7EB3-44C6-AAEC-0B772C9E85F2"/>
    <property name="SECURITYSESSIONID" value="186a4"/>
    <property name="stdout.encoding" value="UTF-8"/>
    <property name="user.language" value="en"/>
    <property name="JOB_BASE_NAME" value="Amax Test Automation"/>
    <property name="RUN_CHANGES_DISPLAY_URL" value="http://localhost:8080/job/Amax%20Test%20Automation/147/display/redirect?page=changes"/>
    <property name="BUILD_DISPLAY_NAME" value="#147"/>
    <property name="TMPDIR" value="/var/folders/tl/cz3zsyk91m11bw6889wjmshc0000gn/T/"/>
    <property name="sun.boot.library.path" value="/Users/mattdinc/Library/Java/JavaVirtualMachines/openjdk-19/Contents/Home/lib"/>
    <property name="GIT_PREVIOUS_SUCCESSFUL_COMMIT" value="32ebd14451c34dbadc97f5cb1faf7d61b4970b33"/>
    <property name="java.vm.compressedOopsMode" value="Zero based"/>
    <property name="java.version" value="19"/>
    <property name="XPC_FLAGS" value="0x0"/>
    <property name="user.timezone" value="America/Los_Angeles"/>
    <property name="GIT_AUTHOR_NAME" value="muradautomation"/>
    <property name="sun.arch.data.model" value="64"/>
    <property name="NODE_NAME" value="built-in"/>
    <property name="TERM" value="xterm-256color"/>
    <property name="http.nonProxyHosts" value="local|*.local|169.254/16|*.169.254/16"/>
    <property name="BUILD_ID" value="147"/>
    <property name="sun.jnu.encoding" value="UTF-8"/>
    <property name="SHELL" value="/bin/zsh"/>
    <property name="maven.conf" value="/Users/mattdinc/.jenkins/tools/hudson.tasks.Maven_MavenInstallation/TestMaven/conf"/>
    <property name="file.separator" value="/"/>
    <property name="java.specification.name" value="Java Platform API Specification"/>
    <property name="java.class.version" value="63.0"/>
    <property name="org.slf4j.simpleLogger.defaultLogLevel" value="info"/>
    <property name="user.country" value="US"/>
    <property name="java.home" value="/Users/mattdinc/Library/Java/JavaVirtualMachines/openjdk-19/Contents/Home"/>
    <property name="java.vm.info" value="mixed mode, sharing"/>
    <property name="os.version" value="13.0"/>
    <property name="RUN_DISPLAY_URL" value="http://localhost:8080/job/Amax%20Test%20Automation/147/display/redirect"/>
    <property name="POM_VERSION" value="1.0-SNAPSHOT"/>
    <property name="path.separator" value=":"/>
    <property name="RUN_ARTIFACTS_DISPLAY_URL" value="http://localhost:8080/job/Amax%20Test%20Automation/147/display/redirect?page=artifacts"/>
    <property name="java.vm.version" value="19+36-2238"/>
    <property name="GIT_PREVIOUS_COMMIT" value="77ce2b0fee56dac9352d577874770780d7ecccc7"/>
    <property name="stderr.encoding" value="UTF-8"/>
    <property name="JOB_DISPLAY_URL" value="http://localhost:8080/job/Amax%20Test%20Automation/display/redirect"/>
    <property name="SHLVL" value="1"/>
    <property name="_" value="/usr/bin/java"/>
    <property name="sun.io.unicode.encoding" value="UnicodeBig"/>
    <property name="LOGNAME" value="mattdinc"/>
    <property name="POM_PACKAGING" value="jar"/>
    <property name="socksNonProxyHosts" value="local|*.local|169.254/16|*.169.254/16"/>
    <property name="HOME" value="/Users/mattdinc"/>
    <property name="ftp.nonProxyHosts" value="local|*.local|169.254/16|*.169.254/16"/>
    <property name="POM_GROUPID" value="org.example"/>
    <property name="GIT_COMMITTER_NAME" value="muradautomation"/>
    <property name="user.home" value="/Users/mattdinc"/>
    <property name="BUILD_TAG" value="jenkins-Amax Test Automation-147"/>
    <property name="JENKINS_SERVER_COOKIE" value="33964776b863b6a9"/>
    <property name="XPC_SERVICE_NAME" value="0"/>
    <property name="HUDSON_URL" value="http://localhost:8080/"/>
    <property name="java.version.date" value="2022-09-20"/>
    <property name="java.specification.vendor" value="Oracle Corporation"/>
    <property name="CLASSPATH" value=""/>
    <property name="java.library.path" value="/Users/mattdinc/Library/Java/Extensions:/Library/Java/Extensions:/Network/Library/Java/Extensions:/System/Library/Java/Extensions:/usr/lib/java:."/>
    <property name="java.vendor.url" value="https://java.oracle.com/"/>
    <property name="java.vm.vendor" value="Oracle Corporation"/>
    <property name="java.runtime.name" value="OpenJDK Runtime Environment"/>
    <property name="maven.home" value="/Users/mattdinc/.jenkins/tools/hudson.tasks.Maven_MavenInstallation/TestMaven"/>
    <property name="sun.java.command" value="jenkins.maven3.agent.Maven35Main /Users/mattdinc/.jenkins/tools/hudson.tasks.Maven_MavenInstallation/TestMaven /Users/mattdinc/.jenkins/war/WEB-INF/lib/remoting-3071.v7e9b_0dc08466.jar /Users/mattdinc/.jenkins/plugins/maven-plugin/WEB-INF/lib/maven35-interceptor-1.14.jar /Users/mattdinc/.jenkins/plugins/maven-plugin/WEB-INF/lib/maven3-interceptor-commons-1.14.jar 52707"/>
    <property name="java.class.path" value="/Users/mattdinc/.jenkins/plugins/maven-plugin/WEB-INF/lib/maven35-agent-1.14.jar:/Users/mattdinc/.jenkins/tools/hudson.tasks.Maven_MavenInstallation/TestMaven/boot/plexus-classworlds-2.6.0.jar:/Users/mattdinc/.jenkins/tools/hudson.tasks.Maven_MavenInstallation/TestMaven/conf/logging"/>
    <property name="native.encoding" value="UTF-8"/>
    <property name="jdk.debug" value="release"/>
    <property name="java.vm.specification.name" value="Java Virtual Machine Specification"/>
    <property name="jansi.mode" value="strip"/>
    <property name="java.vm.specification.version" value="19"/>
    <property name="M2_HOME" value="/Users/mattdinc/.jenkins/tools/hudson.tasks.Maven_MavenInstallation/TestMaven"/>
    <property name="sun.cpu.endian" value="little"/>
    <property name="CI" value="true"/>
    <property name="java.io.tmpdir" value="/var/folders/tl/cz3zsyk91m11bw6889wjmshc0000gn/T/"/>
    <property name="HUDSON_HOME" value="/Users/mattdinc/.jenkins"/>
    <property name="PATH+MAVEN" value="/Users/mattdinc/.jenkins/tools/hudson.tasks.Maven_MavenInstallation/TestMaven/bin"/>
    <property name="java.vendor.url.bug" value="https://bugreport.java.com/bugreport/"/>
    <property name="OLDPWD" value="/Users/mattdinc/Documents"/>
    <property name="BUILD_URL" value="http://localhost:8080/job/Amax%20Test%20Automation/147/"/>
    <property name="SSH_AUTH_SOCK" value="/private/tmp/com.apple.launchd.CmKJk9mvF0/Listeners"/>
    <property name="os.arch" value="aarch64"/>
    <property name="__CF_USER_TEXT_ENCODING" value="0x1F5:0x0:0x0"/>
    <property name="user.dir" value="/Users/mattdinc/Documents/Rating-Engine-Test-Suite"/>
    <property name="JOB_URL" value="http://localhost:8080/job/Amax%20Test%20Automation/"/>
    <property name="apple.awt.application.name" value="Maven35Main"/>
    <property name="MAVEN_HOME" value="/Users/mattdinc/.jenkins/tools/hudson.tasks.Maven_MavenInstallation/TestMaven"/>
    <property name="line.separator" value="
"/>
    <property name="java.vm.name" value="OpenJDK 64-Bit Server VM"/>
    <property name="BUILD_NUMBER" value="147"/>
    <property name="TERM_PROGRAM_VERSION" value="447"/>
    <property name="JENKINS_URL" value="http://localhost:8080/"/>
    <property name="GIT_BRANCH" value="origin/newb"/>
    <property name="GIT_COMMIT" value="7d7ecf8f70c39bf84d58f8dbf59aa20010ffc9f8"/>
    <property name="__CFBundleIdentifier" value="com.apple.Terminal"/>
    <property name="LANG" value="en_US.UTF-8"/>
    <property name="file.encoding" value="UTF-8"/>
    <property name="maven3.interceptor" value="/Users/mattdinc/.jenkins/plugins/maven-plugin/WEB-INF/lib/maven35-interceptor-1.14.jar"/>
    <property name="WORKSPACE_TMP" value="/Users/mattdinc/Documents/Rating-Engine-Test-Suite@tmp"/>
    <property name="WORKSPACE" value="/Users/mattdinc/Documents/Rating-Engine-Test-Suite"/>
    <property name="maven3.interceptor.common" value="/Users/mattdinc/.jenkins/plugins/maven-plugin/WEB-INF/lib/maven3-interceptor-commons-1.14.jar"/>
    <property name="java.specification.version" value="19"/>
    <property name="USER" value="mattdinc"/>
    <property name="GIT_URL" value="https://github.com/dincim/Rating-Engine-Test-Suite"/>
  </properties>
  <testcase classname="re.tests.GetQuotePublicDataTest" name="getQuotePublicData" time="75.009"/>
  <testcase classname="re.tests.GetQuoteManuallyTest" name="getQuoteManually" time="68.885"/>
</testsuite>