<?xml version="1.0" encoding="UTF-8"?>
<!-- Generated by org.testng.reporters.JUnitReportReporter -->
<testsuite hostname="Matts-MBP" failures="0" tests="1" name="com.amaxinsurance.tests.HomeownersQuotePageTest" time="8.503" errors="0" timestamp="2022-10-31T21:57:20 PDT" skipped="0">
  <testcase classname="com.amaxinsurance.tests.HomeownersQuotePageTest" name="verifyPageTitle" time="8.503"/>
  <system-out/>
</testsuite> <!-- com.amaxinsurance.tests.HomeownersQuotePageTest -->
