<?xml version="1.0" encoding="UTF-8"?>
<!-- Generated by org.testng.reporters.JUnitReportReporter -->
<testsuite hostname="Matts-MBP" failures="0" tests="1" name="re.tests.GetQuoteManuallyTest" time="68.878" errors="0" timestamp="2022-11-19T13:53:14 PST" skipped="0">
  <testcase classname="re.tests.GetQuoteManuallyTest" name="getQuoteManually" time="68.878"/>
  <system-out/>
</testsuite> <!-- re.tests.GetQuoteManuallyTest -->
