<?xml version="1.0" encoding="UTF-8"?>
<!-- Generated by org.testng.reporters.JUnitReportReporter -->
<testsuite hostname="Matts-MBP" failures="0" tests="1" name="re.tests.GetQuoteManuallyTest" time="72.271" errors="0" timestamp="2022-11-19T09:24:08 PST" skipped="0">
  <testcase classname="re.tests.GetQuoteManuallyTest" name="getQuoteManually" time="72.271"/>
  <system-out/>
</testsuite> <!-- re.tests.GetQuoteManuallyTest -->
