<?xml version="1.0" encoding="UTF-8"?>
<!-- Generated by org.testng.reporters.JUnitReportReporter -->
<testsuite hostname="Matts-MBP" failures="0" tests="1" name="com.amaxinsurance.tests.NotaryServicesQuotePageTest" time="6.633" errors="0" timestamp="2022-10-31T21:57:20 PDT" skipped="0">
  <testcase classname="com.amaxinsurance.tests.NotaryServicesQuotePageTest" name="verifyPageTitle" time="6.633"/>
  <system-out/>
</testsuite> <!-- com.amaxinsurance.tests.NotaryServicesQuotePageTest -->
