<?xml version="1.0" encoding="UTF-8"?>
<!-- Generated by org.testng.reporters.JUnitReportReporter -->
<testsuite hostname="Matts-MBP" failures="0" tests="2" name="com.audit.amaxinsurance.tests.UnderWritingPageTest" time="18.343" errors="0" timestamp="2022-10-31T21:57:20 PDT" skipped="0">
  <testcase classname="com.audit.amaxinsurance.tests.UnderWritingPageTest" name="loginUnderWritingPortalTest" time="11.535"/>
  <system-out/>
  <testcase classname="com.audit.amaxinsurance.tests.UnderWritingPageTest" name="checkUnderWritingPageTitleTest" time="6.808"/>
  <system-out/>
</testsuite> <!-- com.audit.amaxinsurance.tests.UnderWritingPageTest -->
