<?xml version="1.0" encoding="UTF-8"?>
<!-- Generated by org.testng.reporters.JUnitReportReporter -->
<testsuite hostname="Matts-MBP" failures="0" tests="1" name="com.amaxinsurance.tests.MakeAPaymentPageTest" time="7.073" errors="0" timestamp="2022-10-31T21:57:20 PDT" skipped="0">
  <testcase classname="com.amaxinsurance.tests.MakeAPaymentPageTest" name="verifyPageTitle" time="7.073"/>
  <system-out/>
</testsuite> <!-- com.amaxinsurance.tests.MakeAPaymentPageTest -->
