<?xml version="1.0" encoding="UTF-8"?>
<!-- Generated by org.testng.reporters.JUnitReportReporter -->
<testsuite hostname="Matts-MBP" failures="0" tests="1" name="re.tests.GetQuotePublicDataTest" time="68.389" errors="0" timestamp="2022-11-07T08:40:32 PST" skipped="0">
  <testcase classname="re.tests.GetQuotePublicDataTest" name="getQuotePublicData" time="68.389"/>
  <system-out/>
</testsuite> <!-- re.tests.GetQuotePublicDataTest -->
