<?xml version="1.0" encoding="UTF-8"?>
<!-- Generated by org.testng.reporters.JUnitReportReporter -->
<testsuite hostname="Matts-MBP" failures="0" tests="1" name="re.tests.GetQuoteManuallyTest" time="50.609" errors="0" timestamp="2022-11-02T23:18:44 PDT" skipped="0">
  <testcase classname="re.tests.GetQuoteManuallyTest" name="getQuoteManually" time="50.609"/>
  <system-out/>
</testsuite> <!-- re.tests.GetQuoteManuallyTest -->
