<?xml version="1.0" encoding="UTF-8"?>
<!-- Generated by org.testng.reporters.JUnitReportReporter -->
<testsuite hostname="Matts-MBP" failures="0" tests="1" name="com.amaxinsurance.tests.GeneralLiabilityQuotePageTest" time="14.893" errors="0" timestamp="2022-10-31T21:57:20 PDT" skipped="0">
  <testcase classname="com.amaxinsurance.tests.GeneralLiabilityQuotePageTest" name="verifyPageTitle" time="14.893"/>
  <system-out/>
</testsuite> <!-- com.amaxinsurance.tests.GeneralLiabilityQuotePageTest -->
