<?xml version="1.0" encoding="UTF-8"?>
<!-- Generated by org.testng.reporters.JUnitReportReporter -->
<testsuite hostname="Matts-MBP" failures="0" tests="1" name="com.amaxinsurance.tests.RVQuotePageTest" time="7.554" errors="0" timestamp="2022-10-31T21:57:20 PDT" skipped="0">
  <testcase classname="com.amaxinsurance.tests.RVQuotePageTest" name="verifyPageTitle" time="7.554"/>
  <system-out/>
</testsuite> <!-- com.amaxinsurance.tests.RVQuotePageTest -->
