<?xml version="1.0" encoding="UTF-8"?>
<!-- Generated by org.testng.reporters.JUnitReportReporter -->
<testsuite hostname="Matts-MBP" failures="0" tests="1" name="re.tests.GetQuoteManuallyTest" time="41.442" errors="0" timestamp="2022-11-02T22:45:59 PDT" skipped="0">
  <testcase classname="re.tests.GetQuoteManuallyTest" name="getQuoteManually" time="41.442"/>
  <system-out/>
</testsuite> <!-- re.tests.GetQuoteManuallyTest -->
