<?xml version="1.0" encoding="UTF-8"?>
<!-- Generated by org.testng.reporters.JUnitReportReporter -->
<testsuite hostname="Matts-MBP" failures="0" tests="1" name="com.budgetandvarianceapp.tests.BudgetAndVarianceHomePageTest" time="12.714" errors="0" timestamp="2022-10-31T21:57:20 PDT" skipped="0">
  <testcase classname="com.budgetandvarianceapp.tests.BudgetAndVarianceHomePageTest" name="getPageTitleTest" time="12.714"/>
  <system-out/>
</testsuite> <!-- com.budgetandvarianceapp.tests.BudgetAndVarianceHomePageTest -->
